<?xml version="1.0" encoding="UTF-8"?>
<!-- Generated by org.testng.reporters.JUnitXMLReporter -->
<testsuite ignored="2" hostname="Abhi-desktop" failures="0" tests="1" name="Default test" time="10.344" errors="0" timestamp="2024-11-12T16:39:03 IST">
  <testcase classname="TestCases.RegistrationTestcases" name="verifyregisterwithValiddata" time="10.241"/>
  <testcase classname="TestCases.RegistrationTestcases" name="verifyregisterwithInValiddata" time="0.0">
    <ignored/>
  </testcase> <!-- verifyregisterwithInValiddata -->
  <testcase classname="TestCases.RegistrationTestcases" name="verifyregisterwithBlankdata" time="0.0">
    <ignored/>
  </testcase> <!-- verifyregisterwithBlankdata -->
</testsuite> <!-- Default test -->
