<?xml version="1.0" encoding="UTF-8"?>
<!-- Generated by org.testng.reporters.JUnitXMLReporter -->
<testsuite ignored="2" hostname="Abhi-desktop" failures="0" tests="1" name="Test" time="9.76" errors="0" timestamp="2024-11-16T22:10:48 IST">
  <testcase classname="TestCases.RegistrationTestcases" name="verifyregisterwithValiddata" time="9.679"/>
  <testcase classname="TestCases.RegistrationTestcases" name="verifyregisterwithInValiddata" time="0.0">
    <ignored/>
  </testcase> <!-- verifyregisterwithInValiddata -->
  <testcase classname="TestCases.RegistrationTestcases" name="verifyregisterwithBlankdata" time="0.0">
    <ignored/>
  </testcase> <!-- verifyregisterwithBlankdata -->
</testsuite> <!-- Test -->
