<?xml version="1.0" encoding="UTF-8"?>
<!-- Generated by org.testng.reporters.JUnitXMLReporter -->
<testsuite ignored="0" hostname="Abhi-desktop" failures="0" tests="4" name="Test" time="0.122" errors="0" timestamp="2024-11-09T20:28:16 IST">
  <testcase classname="TESTNGCONCEPTS.GROUPS" name="method1" time="0.025"/>
  <testcase classname="TESTNGCONCEPTS.GROUPS" name="method2" time="0.003"/>
  <testcase classname="TESTNGCONCEPTS.GROUPS" name="method3" time="0.004"/>
  <testcase classname="TESTNGCONCEPTS.GROUPS" name="method4" time="0.002"/>
</testsuite> <!-- Test -->
