<?xml version="1.0" encoding="UTF-8"?>
<testng-results ignored="2" total="3" passed="1" failed="0" skipped="0">
  <reporter-output>
  </reporter-output>
  <suite started-at="2024-11-16T22:10:38 IST" name="Suite" finished-at="2024-11-16T22:10:48 IST" duration-ms="9760">
    <groups>
    </groups>
    <test started-at="2024-11-16T22:10:38 IST" name="Test" finished-at="2024-11-16T22:10:48 IST" duration-ms="9760">
      <class name="TestCases.RegistrationTestcases">
        <test-method signature="verifyregisterwithValiddata()[pri:0, instance:TestCases.RegistrationTestcases@3835c46]" started-at="2024-11-16T22:10:38 IST" name="verifyregisterwithValiddata" finished-at="2024-11-16T22:10:48 IST" duration-ms="9679" status="PASS">
          <reporter-output>
          </reporter-output>
        </test-method> <!-- verifyregisterwithValiddata -->
      </class> <!-- TestCases.RegistrationTestcases -->
    </test> <!-- Test -->
  </suite> <!-- Suite -->
</testng-results>
