<?xml version="1.0" encoding="UTF-8"?>
<testng-results ignored="2" total="3" passed="1" failed="0" skipped="0">
  <reporter-output>
  </reporter-output>
  <suite started-at="2024-11-12T16:38:52 IST" name="Default suite" finished-at="2024-11-12T16:39:03 IST" duration-ms="10344">
    <groups>
    </groups>
    <test started-at="2024-11-12T16:38:52 IST" name="Default test" finished-at="2024-11-12T16:39:03 IST" duration-ms="10344">
      <class name="TestCases.RegistrationTestcases">
        <test-method signature="verifyregisterwithValiddata()[pri:0, instance:TestCases.RegistrationTestcases@56620197]" started-at="2024-11-12T16:38:52 IST" name="verifyregisterwithValiddata" finished-at="2024-11-12T16:39:03 IST" duration-ms="10241" status="PASS">
          <reporter-output>
          </reporter-output>
        </test-method> <!-- verifyregisterwithValiddata -->
      </class> <!-- TestCases.RegistrationTestcases -->
    </test> <!-- Default test -->
  </suite> <!-- Default suite -->
</testng-results>
